[debug] [2022-11-06T16:24:11.224Z] ----------------------------------------------------------------------
[debug] [2022-11-06T16:24:11.226Z] Command:       C:\Program Files\nodejs\node.exe C:\Users\Akshay M K\AppData\Roaming\npm\node_modules\firebase-tools\lib\bin\firebase.js init
[debug] [2022-11-06T16:24:11.226Z] CLI Version:   11.16.0
[debug] [2022-11-06T16:24:11.226Z] Platform:      win32
[debug] [2022-11-06T16:24:11.226Z] Node Version:  v16.17.1
[debug] [2022-11-06T16:24:11.227Z] Time:          Sun Nov 06 2022 21:54:11 GMT+0530 (India Standard Time)
[debug] [2022-11-06T16:24:11.227Z] ----------------------------------------------------------------------
[debug] 
[debug] [2022-11-06T16:24:11.232Z] > command requires scopes: ["email","openid","https://www.googleapis.com/auth/cloudplatformprojects.readonly","https://www.googleapis.com/auth/firebase","https://www.googleapis.com/auth/cloud-platform"]
[debug] [2022-11-06T16:24:11.232Z] > authorizing via signed-in user (ak.kalghatgi@gmail.com)
[info] 
     ######## #### ########  ######## ########     ###     ######  ########
     ##        ##  ##     ## ##       ##     ##  ##   ##  ##       ##
     ######    ##  ########  ######   ########  #########  ######  ######
     ##        ##  ##    ##  ##       ##     ## ##     ##       ## ##
     ##       #### ##     ## ######## ########  ##     ##  ######  ########

You're about to initialize a Firebase project in this directory:

  C:\BPL13-main

Before we get started, keep in mind:

  * You are currently outside your home directory

[info] 
=== Project Setup
[info] 
[info] First, let's associate this project directory with a Firebase project.
[info] You can create multiple project aliases by running firebase use --add, 
[info] but for now we'll just set up a default project.
[info] 
[debug] [2022-11-06T16:25:08.309Z] >>> [apiv2][query] GET https://firebase.googleapis.com/v1beta1/projects pageSize=100
[debug] [2022-11-06T16:25:09.331Z] <<< [apiv2][status] GET https://firebase.googleapis.com/v1beta1/projects 200
[debug] [2022-11-06T16:25:09.331Z] <<< [apiv2][body] GET https://firebase.googleapis.com/v1beta1/projects [omitted]
[info] i  Using project bpl14uni (Bpl14uni) 
[info] 
=== Hosting Setup
[info] 
[info] Your public directory is the folder (relative to your project directory) that
[info] will contain Hosting assets to be uploaded with firebase deploy. If you
[info] have a build process for your assets, use your build's output directory.
[info] 
